This is pdfTeX, Version 3.141592653-2.6-1.40.27 (MiKTeX 25.4) (preloaded format=pdflatex 2025.10.13)  6 NOV 2025 09:33
entering extended mode
 restricted \write18 enabled.
 %&-line parsing enabled.
**./webs.tex
(webs.tex
LaTeX2e <2025-06-01> patch level 1
L3 programming layer <2025-09-02>
)
! Emergency stop.
<*> ./webs.tex
              
*** (job aborted, no legal \end found)

 
Here is how much of TeX's memory you used:
 50 strings out of 470067
 943 string characters out of 5482652
 430984 words of memory out of 5000000
 28528 multiletter control sequences out of 15000+600000
 626825 words of font info for 40 fonts, out of 8000000 for 9000
 0 hyphenation exceptions out of 8191
 12i,0n,13p,151b,8s stack positions out of 10000i,1000n,20000p,200000b,200000s
!  ==> Fatal error occurred, no output PDF file produced!
